<?xml version="1.0" encoding="UTF-8"?>
<!-- Generated by org.testng.reporters.JUnitXMLReporter -->
<testsuite ignored="0" hostname="LAPTOP-BG6GTRE3" failures="0" tests="3" name="Default test" time="91.46" errors="0" timestamp="2025-03-16T14:44:04 EET">
  <testcase classname="tests.LoginTest" name="testLogin" time="14.907"/>
  <testcase classname="tests.LoginTest" name="testLogin" time="21.933"/>
  <testcase classname="tests.LoginTest" name="testLogin" time="36.191"/>
</testsuite> <!-- Default test -->
